{"/Users/rdennis/PersonalProjects/React/ReactNativeWeatherApp/src/model/WeatherSummary.js": {"path":"/Users/rdennis/PersonalProjects/React/ReactNativeWeatherApp/src/model/WeatherSummary.js","statementMap":{"0":{"start":{"line":5,"column":4},"end":{"line":5,"column":45}},"1":{"start":{"line":6,"column":4},"end":{"line":6,"column":46}},"2":{"start":{"line":8,"column":4},"end":{"line":8,"column":19}},"3":{"start":{"line":9,"column":4},"end":{"line":9,"column":43}},"4":{"start":{"line":10,"column":4},"end":{"line":10,"column":45}},"5":{"start":{"line":11,"column":4},"end":{"line":11,"column":45}},"6":{"start":{"line":13,"column":25},"end":{"line":13,"column":56}},"7":{"start":{"line":14,"column":18},"end":{"line":14,"column":73}},"8":{"start":{"line":15,"column":4},"end":{"line":15,"column":46}},"9":{"start":{"line":16,"column":4},"end":{"line":16,"column":55}},"10":{"start":{"line":18,"column":15},"end":{"line":18,"column":43}},"11":{"start":{"line":19,"column":4},"end":{"line":19,"column":51}},"12":{"start":{"line":20,"column":4},"end":{"line":20,"column":53}},"13":{"start":{"line":21,"column":4},"end":{"line":21,"column":53}},"14":{"start":{"line":22,"column":4},"end":{"line":22,"column":59}},"15":{"start":{"line":23,"column":4},"end":{"line":23,"column":62}},"16":{"start":{"line":24,"column":4},"end":{"line":24,"column":61}},"17":{"start":{"line":26,"column":15},"end":{"line":26,"column":43}},"18":{"start":{"line":27,"column":4},"end":{"line":27,"column":56}},"19":{"start":{"line":29,"column":14},"end":{"line":29,"column":41}},"20":{"start":{"line":30,"column":4},"end":{"line":30,"column":43}},"21":{"start":{"line":31,"column":4},"end":{"line":31,"column":41}},"22":{"start":{"line":35,"column":15},"end":{"line":35,"column":44}},"23":{"start":{"line":36,"column":20},"end":{"line":36,"column":95}},"24":{"start":{"line":37,"column":4},"end":{"line":37,"column":67}},"25":{"start":{"line":38,"column":4},"end":{"line":38,"column":55}},"26":{"start":{"line":39,"column":4},"end":{"line":39,"column":21}},"27":{"start":{"line":43,"column":15},"end":{"line":43,"column":43}},"28":{"start":{"line":44,"column":20},"end":{"line":44,"column":95}},"29":{"start":{"line":45,"column":4},"end":{"line":45,"column":67}},"30":{"start":{"line":46,"column":4},"end":{"line":46,"column":55}},"31":{"start":{"line":47,"column":4},"end":{"line":47,"column":21}}},"fnMap":{"0":{"name":"(anonymous_0)","decl":{"start":{"line":4,"column":2},"end":{"line":4,"column":3}},"loc":{"start":{"line":4,"column":33},"end":{"line":32,"column":3}},"line":4},"1":{"name":"(anonymous_1)","decl":{"start":{"line":34,"column":2},"end":{"line":34,"column":3}},"loc":{"start":{"line":34,"column":15},"end":{"line":40,"column":3}},"line":34},"2":{"name":"(anonymous_2)","decl":{"start":{"line":42,"column":2},"end":{"line":42,"column":3}},"loc":{"start":{"line":42,"column":14},"end":{"line":48,"column":3}},"line":42}},"branchMap":{"0":{"loc":{"start":{"line":14,"column":18},"end":{"line":14,"column":73}},"type":"cond-expr","locations":[{"start":{"line":14,"column":44},"end":{"line":14,"column":66}},{"start":{"line":14,"column":69},"end":{"line":14,"column":73}}],"line":14},"1":{"loc":{"start":{"line":36,"column":21},"end":{"line":36,"column":83}},"type":"cond-expr","locations":[{"start":{"line":36,"column":45},"end":{"line":36,"column":60}},{"start":{"line":36,"column":63},"end":{"line":36,"column":83}}],"line":36},"2":{"loc":{"start":{"line":38,"column":17},"end":{"line":38,"column":54}},"type":"cond-expr","locations":[{"start":{"line":38,"column":41},"end":{"line":38,"column":46}},{"start":{"line":38,"column":49},"end":{"line":38,"column":54}}],"line":38},"3":{"loc":{"start":{"line":44,"column":21},"end":{"line":44,"column":83}},"type":"cond-expr","locations":[{"start":{"line":44,"column":45},"end":{"line":44,"column":60}},{"start":{"line":44,"column":63},"end":{"line":44,"column":83}}],"line":44},"4":{"loc":{"start":{"line":46,"column":17},"end":{"line":46,"column":54}},"type":"cond-expr","locations":[{"start":{"line":46,"column":41},"end":{"line":46,"column":46}},{"start":{"line":46,"column":49},"end":{"line":46,"column":54}}],"line":46}},"s":{"0":1,"1":1,"2":1,"3":1,"4":1,"5":1,"6":1,"7":1,"8":1,"9":1,"10":1,"11":1,"12":1,"13":1,"14":1,"15":1,"16":1,"17":1,"18":1,"19":1,"20":1,"21":1,"22":1,"23":1,"24":1,"25":1,"26":1,"27":1,"28":1,"29":1,"30":1,"31":1},"f":{"0":1,"1":1,"2":1},"b":{"0":[1,0],"1":[1,0],"2":[1,0],"3":[0,1],"4":[0,1]},"_coverageSchema":"1a1c01bbd47fc00a2c39e90264f33305004495a9","hash":"15d84a7bd37cbd58aa14491dcf1c174cdcc16924"}
}
