TN:
SF:src/model/WeatherSummary.js
FN:4,(anonymous_0)
FN:34,(anonymous_1)
FN:42,(anonymous_2)
FNF:3
FNH:3
FNDA:1,(anonymous_0)
FNDA:1,(anonymous_1)
FNDA:1,(anonymous_2)
DA:5,1
DA:6,1
DA:8,1
DA:9,1
DA:10,1
DA:11,1
DA:13,1
DA:14,1
DA:15,1
DA:16,1
DA:18,1
DA:19,1
DA:20,1
DA:21,1
DA:22,1
DA:23,1
DA:24,1
DA:26,1
DA:27,1
DA:29,1
DA:30,1
DA:31,1
DA:35,1
DA:36,1
DA:37,1
DA:38,1
DA:39,1
DA:43,1
DA:44,1
DA:45,1
DA:46,1
DA:47,1
LF:32
LH:32
BRDA:14,0,0,1
BRDA:14,0,1,0
BRDA:36,1,0,1
BRDA:36,1,1,0
BRDA:38,2,0,1
BRDA:38,2,1,0
BRDA:44,3,0,0
BRDA:44,3,1,1
BRDA:46,4,0,0
BRDA:46,4,1,1
BRF:10
BRH:5
end_of_record
